[debug] > Exec(;project {file:/C:/Users/Max/Desktop/Programmierung/Scala/Maumau/}maumau; reload, None, None)
[debug] > Exec(project {file:/C:/Users/Max/Desktop/Programmierung/Scala/Maumau/}maumau, None, None)
[info] set current project to main (in build file:/C:/Users/Max/Desktop/Programmierung/Scala/Maumau/)
[debug] > Exec(reload, None, None)
[debug] > Exec(sbtStashOnFailure, None, None)
[debug] > Exec(onFailure loadFailed, None, None)
[debug] > Exec(loadp, None, None)
[info] welcome to sbt 1.4.3 (Amazon.com Inc. Java 1.8.0_275)
[debug]       Load.loadUnit: plugins took 19.0448ms
[debug]       Load.loadUnit: defsScala took 0.0083ms
[debug] [Loading] Scanning directory C:\Users\Max\.sbt\1.0\plugins
[debug] [Loading] Found non-root projects 
[debug] [Loading] Done in C:\Users\Max\.sbt\1.0\plugins, returning: ()
[debug] deducing auto plugins based on known facts Set(Atom(sbt.plugins.CorePlugin)) and clauses Clauses(List(Clause(Atom(sbt.plugins.JvmPlugin),Set(Atom(sbt.plugins.IvyPlugin))), Clause(Atom(sbt.ScriptedPlugin),Set(Atom(sbt.plugins.JvmPlugin))), Clause(Atom(sbt.plugins.SbtPlugin),Set(Atom(sbt.ScriptedPlugin))), Clause(Atom(sbt.plugins.SemanticdbPlugin),Set(Atom(sbt.plugins.JvmPlugin))), Clause(Atom(sbt.plugins.JUnitXmlReportPlugin),Set(Atom(sbt.plugins.JvmPlugin))), Clause(Atom(sbt.plugins.MiniDependencyTreePlugin),Set(Atom(sbt.plugins.JvmPlugin))), Clause(Atom(sbt.plugins.CorePlugin),Set(Atom(sbt.plugins.IvyPlugin))), Clause(Atom(sbt.plugins.IvyPlugin),Set(Atom(sbt.plugins.JvmPlugin))), Clause(Atom(sbt.plugins.JvmPlugin),Set(Atom(sbt.plugins.SemanticdbPlugin))), Clause(Atom(sbt.plugins.JvmPlugin),Set(Atom(sbt.plugins.JUnitXmlReportPlugin))), Clause(Atom(sbt.plugins.CorePlugin),Set(Atom(sbt.plugins.Giter8TemplatePlugin))), Clause(Atom(sbt.plugins.JvmPlugin),Set(Atom(sbt.plugins.MiniDependencyTreePlugin)))))
[debug]   :: deduced result: Matched(sbt.plugins.CorePlugin,sbt.plugins.Giter8TemplatePlugin,sbt.plugins.IvyPlugin,sbt.plugins.JvmPlugin,sbt.plugins.MiniDependencyTreePlugin,sbt.plugins.JUnitXmlReportPlugin,sbt.plugins.SemanticdbPlugin)
[debug] Plugins.deducer#function took 1.276 ms
[debug]           Load.resolveProject(global-plugins) took 0.883ms
[debug]         Load.loadTransitive: finalizeProject(Project(id global-plugins, base: C:\Users\Max\.sbt\1.0\plugins, plugins: List(<none>))) took 2.4786ms
[debug] [Loading] Done in C:\Users\Max\.sbt\1.0\plugins, returning: (global-plugins)
[debug]       Load.loadUnit: loadedProjectsRaw took 3.8975ms
[debug]       Load.loadUnit: cleanEvalClasses took 0.008ms
[debug]     Load.loadUnit(file:/C:/Users/Max/.sbt/1.0/plugins/, ...) took 23.8253ms
[debug]   Load.apply: load took 24.7981ms
[debug]   Load.apply: resolveProjects took 0.0917ms
[debug]   Load.apply: finalTransforms took 6.5945ms
[debug]   Load.apply: config.delegates took 0.2075ms
[debug]   Load.apply: Def.make(settings)... took 49.8579ms
[debug]   Load.apply: structureIndex took 18.2453ms
[debug]   Load.apply: mkStreams took 0.0032ms
[info] loading global plugins from C:\Users\Max\.sbt\1.0\plugins
[debug] Running task... Cancel: Signal, check cycles: false, forcegc: true
[debug] Load.defaultLoad until apply took 278.4626ms
[debug]           Load.loadUnit: plugins took 30.3247ms
[debug]           Load.loadUnit: defsScala took 0.005ms
[debug] [Loading] Scanning directory C:\Users\Max\Desktop\Programmierung\Scala\Maumau\project
[debug]             Load.loadUnit: mkEval took 0.328ms
[debug] [Loading] Found non-root projects 
[debug] [Loading] Done in C:\Users\Max\Desktop\Programmierung\Scala\Maumau\project, returning: ()
[debug] deducing auto plugins based on known facts Set(Atom(sbt.plugins.CorePlugin)) and clauses Clauses(List(Clause(Atom(sbt.plugins.JvmPlugin),Set(Atom(sbt.plugins.IvyPlugin))), Clause(Atom(sbt.ScriptedPlugin),Set(Atom(sbt.plugins.JvmPlugin))), Clause(Atom(sbt.plugins.SbtPlugin),Set(Atom(sbt.ScriptedPlugin))), Clause(Atom(sbt.plugins.SemanticdbPlugin),Set(Atom(sbt.plugins.JvmPlugin))), Clause(Atom(sbt.plugins.JUnitXmlReportPlugin),Set(Atom(sbt.plugins.JvmPlugin))), Clause(Atom(sbt.plugins.MiniDependencyTreePlugin),Set(Atom(sbt.plugins.JvmPlugin))), Clause(Atom(sbt.plugins.CorePlugin),Set(Atom(sbt.plugins.IvyPlugin))), Clause(Atom(sbt.plugins.IvyPlugin),Set(Atom(sbt.plugins.JvmPlugin))), Clause(Atom(sbt.plugins.JvmPlugin),Set(Atom(sbt.plugins.SemanticdbPlugin))), Clause(Atom(sbt.plugins.JvmPlugin),Set(Atom(sbt.plugins.JUnitXmlReportPlugin))), Clause(Atom(sbt.plugins.CorePlugin),Set(Atom(sbt.plugins.Giter8TemplatePlugin))), Clause(Atom(sbt.plugins.JvmPlugin),Set(Atom(sbt.plugins.MiniDependencyTreePlugin)))))
[debug]   :: deduced result: Matched(sbt.plugins.CorePlugin,sbt.plugins.Giter8TemplatePlugin,sbt.plugins.IvyPlugin,sbt.plugins.JvmPlugin,sbt.plugins.MiniDependencyTreePlugin,sbt.plugins.JUnitXmlReportPlugin,sbt.plugins.SemanticdbPlugin)
[debug] Plugins.deducer#function took 1.6194 ms
[info] loading settings for project maumau-build from idea.sbt ...
[debug]               Load.resolveProject(maumau-build) took 1.7698ms
[debug]             Load.loadTransitive: finalizeProject(Project(id maumau-build, base: C:\Users\Max\Desktop\Programmierung\Scala\Maumau\project, plugins: List(<none>))) took 3.847ms
[debug] [Loading] Done in C:\Users\Max\Desktop\Programmierung\Scala\Maumau\project, returning: (maumau-build)
[debug]           Load.loadUnit: loadedProjectsRaw took 28.0374ms
[debug]           Load.loadUnit: cleanEvalClasses took 1.5625ms
[debug]         Load.loadUnit(file:/C:/Users/Max/Desktop/Programmierung/Scala/Maumau/project/, ...) took 61.0984ms
[debug]       Load.apply: load took 62.91ms
[debug]       Load.apply: resolveProjects took 0.1275ms
[debug]       Load.apply: finalTransforms took 7.8074ms
[debug]       Load.apply: config.delegates took 0.4833ms
[debug]       Load.apply: Def.make(settings)... took 42.6482ms
[debug]       Load.apply: structureIndex took 16.85ms
[debug]       Load.apply: mkStreams took 0.0039ms
[info] loading project definition from C:\Users\Max\Desktop\Programmierung\Scala\Maumau\project
[debug] Running task... Cancel: Signal, check cycles: false, forcegc: true
[debug]     Load.loadUnit: plugins took 338.7569ms
[debug]     Load.loadUnit: defsScala took 0.0029ms
[debug] [Loading] Scanning directory C:\Users\Max\Desktop\Programmierung\Scala\Maumau
[debug]       Load.loadUnit: mkEval took 0.5211ms
[debug] [Loading] Found non-root projects 
[debug] [Loading] Done in C:\Users\Max\Desktop\Programmierung\Scala\Maumau, returning: ()
[debug] deducing auto plugins based on known facts Set(Atom(sbt.plugins.CorePlugin)) and clauses Clauses(List(Clause(Atom(sbt.plugins.JvmPlugin),Set(Atom(sbt.plugins.IvyPlugin))), Clause(Atom(sbt.ScriptedPlugin),Set(Atom(sbt.plugins.JvmPlugin))), Clause(Atom(sbt.plugins.SbtPlugin),Set(Atom(sbt.ScriptedPlugin))), Clause(Atom(sbt.plugins.SemanticdbPlugin),Set(Atom(sbt.plugins.JvmPlugin))), Clause(Atom(sbt.plugins.JUnitXmlReportPlugin),Set(Atom(sbt.plugins.JvmPlugin))), Clause(Atom(sbt.plugins.MiniDependencyTreePlugin),Set(Atom(sbt.plugins.JvmPlugin))), Clause(Atom(org.jetbrains.sbt.StructurePlugin),Set(Atom(sbt.plugins.JvmPlugin))), Clause(Atom(org.jetbrains.sbt.IdeaShellPlugin),Set(Atom(sbt.plugins.JvmPlugin))), Clause(Atom(org.jetbrains.sbt.indices.SbtIntellijIndicesPlugin),Set(Atom(sbt.plugins.JvmPlugin))), Clause(Atom(sbt.plugins.CorePlugin),Set(Atom(sbt.plugins.IvyPlugin))), Clause(Atom(sbt.plugins.IvyPlugin),Set(Atom(sbt.plugins.JvmPlugin))), Clause(Atom(sbt.plugins.JvmPlugin),Set(Atom(sbt.plugins.SemanticdbPlugin))), Clause(Atom(sbt.plugins.JvmPlugin),Set(Atom(sbt.plugins.JUnitXmlReportPlugin))), Clause(Atom(sbt.plugins.CorePlugin),Set(Atom(sbt.plugins.Giter8TemplatePlugin))), Clause(Atom(sbt.plugins.JvmPlugin),Set(Atom(sbt.plugins.MiniDependencyTreePlugin))), Clause(Atom(sbt.plugins.JvmPlugin),Set(Atom(org.jetbrains.sbt.StructurePlugin))), Clause(Atom(sbt.plugins.JvmPlugin),Set(Atom(org.jetbrains.sbt.IdeaShellPlugin))), Clause(And(Set(Atom(sbt.plugins.CorePlugin), Atom(sbt.plugins.JvmPlugin))),Set(Atom(org.jetbrains.sbt.indices.SbtIntellijIndicesPlugin)))))
[debug]   :: deduced result: Matched(sbt.plugins.CorePlugin,sbt.plugins.Giter8TemplatePlugin,sbt.plugins.IvyPlugin,sbt.plugins.JvmPlugin,sbt.plugins.SemanticdbPlugin,org.jetbrains.sbt.indices.SbtIntellijIndicesPlugin,sbt.plugins.JUnitXmlReportPlugin,org.jetbrains.sbt.IdeaShellPlugin,org.jetbrains.sbt.StructurePlugin,sbt.plugins.MiniDependencyTreePlugin)
[debug] Plugins.deducer#function took 2.0842 ms
[info] loading settings for project maumau from build.sbt ...
[debug]         Load.resolveProject(maumau) took 41.8889ms
[debug]       Load.loadTransitive: finalizeProject(Project(id maumau, base: C:\Users\Max\Desktop\Programmierung\Scala\Maumau, plugins: List(<none>))) took 44.6042ms
[debug] [Loading] Done in C:\Users\Max\Desktop\Programmierung\Scala\Maumau, returning: (maumau)
[debug]     Load.loadUnit: loadedProjectsRaw took 125.5128ms
[debug]     Load.loadUnit: cleanEvalClasses took 3.9042ms
[debug]   Load.loadUnit(file:/C:/Users/Max/Desktop/Programmierung/Scala/Maumau/, ...) took 468.5402ms
[debug] Load.apply: load took 470.0313ms
[debug] Load.apply: resolveProjects took 0.0969ms
[debug] Load.apply: finalTransforms took 16.8523ms
[debug] Load.apply: config.delegates took 0.3814ms
[debug] Load.apply: Def.make(settings)... took 57.699ms
[debug] Load.apply: structureIndex took 19.212ms
[debug] Load.apply: mkStreams took 0.0036ms
[info] set current project to main (in build file:/C:/Users/Max/Desktop/Programmierung/Scala/Maumau/)
[debug] > Exec(sbtPopOnFailure, None, None)
[debug] > Exec(resumeFromFailure, None, None)
[debug] > Exec(idea-shell, None, None)
[debug] > Exec(, None, None)
[debug] > Exec(idea-shell, None, None)
